<?xml version="1.0" encoding="UTF-8"?>
<!-- Generated by org.testng.reporters.JUnitReportReporter -->
<testsuite hostname="INBMWN154462" failures="0" tests="1" name="test.Test99GuruLogin" time="1.519" errors="0" timestamp="2022-08-28T16:43:32 IST" skipped="0">
  <testcase classname="test.Test99GuruLogin" name="test_Home_Page_Appear_Correct" time="1.519"/>
  <system-out/>
</testsuite> <!-- test.Test99GuruLogin -->
